[36m‚†ã[39m Building...[2K[1G[36m‚†ô[39m Building...[2K[1G[36m‚†π[39m Building...[2K[1G[36m‚†∏[39m Building...[2K[1G[36m‚†º[39m Building...[2K[1G[36m‚†¥[39m Building...[2K[1G[36m‚†¶[39m Building...[2K[1G[36m‚†ß[39m Building...[2K[1G[36m‚†á[39m Building...[2K[1G[36m‚†è[39m Building...[2K[1G[36m‚†ã[39m Building...[2K[1G[36m‚†ô[39m Building...[2K[1G[36m‚†π[39m Building...[2K[1G[36m‚†∏[39m Building...[2K[1G[36m‚†º[39m Building...[2K[1G[36m‚†¥[39m Building...[2K[1G[36m‚†¶[39m Building...[1m[31m[31mX [41;31m[[41;97mERROR[41;31m][0m [1mTS-992011: The component 'NavMenuComponent' appears in 'imports', but is not standalone and cannot be imported directly. It must be imported via an NgModule.[0m [1m[35m[plugin angular-compiler][0m[39m[22m
[1m[31m[39m[22m
[1m[31m    src/app/app.component.ts:7:12:[39m[22m
[1m[31m[37m      7 ‚îÇ   imports: [[32mNavMenuComponent[37m, ],[39m[22m
[1m[31m        ‚ïµ             [32m~~~~~~~~~~~~~~~~[0m[39m[22m
[1m[31m[39m[22m
[1m[31m[39m[22m
[1m[31m[31mX [41;31m[[41;97mERROR[41;31m][0m [1mNG8001: 'mat-toolbar' is not a known element:[39m[22m
[1m[31m1. If 'mat-toolbar' is an Angular component, then verify that it is part of this module.[39m[22m
[1m[31m2. If 'mat-toolbar' is a Web Component then add 'CUSTOM_ELEMENTS_SCHEMA' to the '@NgModule.schemas' of this component to suppress this message.[0m [1m[35m[plugin angular-compiler][0m[39m[22m
[1m[31m[39m[22m
[1m[31m    src/app/components/nav-menu/nav-menu.component.html:2:0:[39m[22m
[1m[31m[37m      2 ‚îÇ [32m<mat-toolbar color = "accent">[37m[39m[22m
[1m[31m        ‚ïµ [32m~~~~~~~~~~~~~~~~~~~~~~~~~~~~~~[0m[39m[22m
[1m[31m[39m[22m
[1m[31m  Error occurs in the template of component NavMenuComponent.[39m[22m
[1m[31m[39m[22m
[1m[31m    src/app/components/nav-menu/nav-menu.component.ts:6:15:[39m[22m
[1m[31m[37m      6 ‚îÇ   templateUrl: [32m'./nav-menu.component.html'[37m,[39m[22m
[1m[31m        ‚ïµ                [32m~~~~~~~~~~~~~~~~~~~~~~~~~~~[0m[39m[22m
[1m[31m[39m[22m
[1m[31m[39m[22m
[2K[1G[37mApplication bundle generation failed. [1.501 seconds][39m
[37mWatch mode enabled. Watching for file changes...[39m
[36m‚†ã[39m Changes detected. Rebuilding...[2K[1G[36m‚†ô[39m Changes detected. Rebuilding...[2K[1G[36m‚†π[39m Changes detected. Rebuilding...[2K[1G[36m‚†∏[39m Changes detected. Rebuilding...[1m[31m[31mX [41;31m[[41;97mERROR[41;31m][0m [1mTS-992011: The component 'NavMenuComponent' appears in 'imports', but is not standalone and cannot be imported directly. It must be imported via an NgModule.[0m [1m[35m[plugin angular-compiler][0m[39m[22m
[1m[31m[39m[22m
[1m[31m    src/app/app.component.ts:7:12:[39m[22m
[1m[31m[37m      7 ‚îÇ   imports: [[32mNavMenuComponent[37m, ],[39m[22m
[1m[31m        ‚ïµ             [32m~~~~~~~~~~~~~~~~[0m[39m[22m
[1m[31m[39m[22m
[1m[31m[39m[22m
[1m[31m[31mX [41;31m[[41;97mERROR[41;31m][0m [1mNG8001: 'mat-toolbar' is not a known element:[39m[22m
[1m[31m1. If 'mat-toolbar' is an Angular component, then verify that it is included in the '@Component.imports' of this component.[39m[22m
[1m[31m2. If 'mat-toolbar' is a Web Component then add 'CUSTOM_ELEMENTS_SCHEMA' to the '@Component.schemas' of this component to suppress this message.[0m [1m[35m[plugin angular-compiler][0m[39m[22m
[1m[31m[39m[22m
[1m[31m    src/app/components/nav-menu/nav-menu.component.html:2:0:[39m[22m
[1m[31m[37m      2 ‚îÇ [32m<mat-toolbar color = "accent">[37m[39m[22m
[1m[31m        ‚ïµ [32m~~~~~~~~~~~~~~~~~~~~~~~~~~~~~~[0m[39m[22m
[1m[31m[39m[22m
[1m[31m  Error occurs in the template of component NavMenuComponent.[39m[22m
[1m[31m[39m[22m
[1m[31m    src/app/components/nav-menu/nav-menu.component.ts:6:15:[39m[22m
[1m[31m[37m      6 ‚îÇ   templateUrl: [32m'./nav-menu.component.html'[37m,[39m[22m
[1m[31m        ‚ïµ                [32m~~~~~~~~~~~~~~~~~~~~~~~~~~~[0m[39m[22m
[1m[31m[39m[22m
[1m[31m[39m[22m
[2K[1G[37mApplication bundle generation failed. [0.319 seconds][39m
